[0m12:15:57.803881 [debug] [MainThread]: Sending event: {'category': 'dbt', 'action': 'invocation', 'label': 'start', 'context': [<snowplow_tracker.self_describing_json.SelfDescribingJson object at 0x106336c00>, <snowplow_tracker.self_describing_json.SelfDescribingJson object at 0x1112e5a30>, <snowplow_tracker.self_describing_json.SelfDescribingJson object at 0x1112e5ac0>]}


============================== 12:15:57.807075 | 6b78e4f3-7eb2-4090-aeec-39d5ca72d4af ==============================
[0m12:15:57.807075 [info ] [MainThread]: Running with dbt=1.11.7
[0m12:15:57.807437 [debug] [MainThread]: running dbt with arguments {'cache_selected_only': 'False', 'introspect': 'True', 'no_print': 'None', 'use_colors': 'True', 'quiet': 'False', 'use_experimental_parser': 'False', 'warn_error': 'None', 'version_check': 'True', 'static_parser': 'True', 'fail_fast': 'False', 'write_json': 'True', 'log_format': 'default', 'log_cache_events': 'False', 'log_path': 'logs', 'indirect_selection': 'eager', 'profiles_dir': '/Users/hunter/.dbt', 'warn_error_options': 'WarnErrorOptionsV2(error=[], warn=[], silence=[])', 'partial_parse': 'True', 'target_path': 'None', 'send_anonymous_usage_stats': 'True', 'debug': 'False', 'empty': 'None', 'printer_width': '80', 'invocation_command': 'dbt init mlb_transforms --skip-profile-setup'}
[0m12:15:57.815732 [info ] [MainThread]: Creating dbt configuration folder at /Users/hunter/.dbt
[0m12:15:57.816614 [debug] [MainThread]: Starter project path: /Users/hunter/projects/mlb-pipeline/venv/lib/python3.12/site-packages/dbt/include/starter_project
[0m12:15:57.822078 [info ] [MainThread]: 
Your new dbt project "mlb_transforms" was created!

For more information on how to configure the profiles.yml file,
please consult the dbt documentation here:

  https://docs.getdbt.com/docs/configure-your-profile

One more thing:

Need help? Don't hesitate to reach out to us via GitHub issues or on Slack:

  https://community.getdbt.com/

Happy modeling!

[0m12:15:57.851762 [debug] [MainThread]: Resource report: {"command_name": "init", "command_success": true, "command_wall_clock_time": 0.09001146, "process_in_blocks": "0", "process_kernel_time": 0.177492, "process_mem_max_rss": "125157376", "process_out_blocks": "0", "process_user_time": 1.434749}
[0m12:15:57.852212 [debug] [MainThread]: Command `dbt init` succeeded at 12:15:57.852138 after 0.09 seconds
[0m12:15:57.852485 [debug] [MainThread]: Sending event: {'category': 'dbt', 'action': 'invocation', 'label': 'end', 'context': [<snowplow_tracker.self_describing_json.SelfDescribingJson object at 0x112c03ef0>, <snowplow_tracker.self_describing_json.SelfDescribingJson object at 0x1116be9c0>, <snowplow_tracker.self_describing_json.SelfDescribingJson object at 0x107e31910>]}
[0m12:15:57.852761 [debug] [MainThread]: Flushing usage events
[0m12:16:00.319755 [debug] [MainThread]: An error was encountered while trying to flush usage events
